0 info it worked if it ends with ok
1 verbose cli [ 'node', '/usr/local/bin/npm', 'install', 'bower' ]
2 info using npm@1.4.14
3 info using node@v0.10.29
4 verbose cache add [ 'bower', null ]
5 verbose cache add name=undefined spec="bower" args=["bower",null]
6 verbose parsed url { protocol: null,
6 verbose parsed url   slashes: null,
6 verbose parsed url   auth: null,
6 verbose parsed url   host: null,
6 verbose parsed url   port: null,
6 verbose parsed url   hostname: null,
6 verbose parsed url   hash: null,
6 verbose parsed url   search: null,
6 verbose parsed url   query: null,
6 verbose parsed url   pathname: 'bower',
6 verbose parsed url   path: 'bower',
6 verbose parsed url   href: 'bower' }
7 silly lockFile 206e3ce5-bower bower
8 verbose lock bower /Users/justinejones/.npm/206e3ce5-bower.lock
9 silly lockFile 206e3ce5-bower bower
10 silly lockFile 206e3ce5-bower bower
11 verbose addNamed [ 'bower', '' ]
12 verbose addNamed [ null, '*' ]
13 silly lockFile 1240aab1-bower bower@
14 verbose lock bower@ /Users/justinejones/.npm/1240aab1-bower.lock
15 silly addNameRange { name: 'bower', range: '*', hasData: false }
16 verbose url raw bower
17 verbose url resolving [ 'https://registry.npmjs.org/', './bower' ]
18 verbose url resolved https://registry.npmjs.org/bower
19 info trying registry request attempt 1 at 18:54:00
20 verbose etag "AG40MLM6KZJQNIQKK53L8ICVJ"
21 http GET https://registry.npmjs.org/bower
22 http 200 https://registry.npmjs.org/bower
23 silly registry.get cb [ 200,
23 silly registry.get   { date: 'Sat, 06 Sep 2014 22:54:03 GMT',
23 silly registry.get     server: 'CouchDB/1.5.0 (Erlang OTP/R16B03)',
23 silly registry.get     etag: '"9WQET6GYB7QHG5UFTGDH0KLIN"',
23 silly registry.get     'content-type': 'application/json',
23 silly registry.get     'cache-control': 'max-age=60',
23 silly registry.get     'content-length': '98700',
23 silly registry.get     'accept-ranges': 'bytes',
23 silly registry.get     via: '1.1 varnish',
23 silly registry.get     age: '5993',
23 silly registry.get     'x-served-by': 'cache-dfw1822-DFW',
23 silly registry.get     'x-cache': 'HIT',
23 silly registry.get     'x-cache-hits': '1',
23 silly registry.get     'x-timer': 'S1410044043.157909,VS0,VE183',
23 silly registry.get     vary: 'Accept',
23 silly registry.get     'keep-alive': 'timeout=10, max=50',
23 silly registry.get     connection: 'Keep-Alive' } ]
24 silly addNameRange number 2 { name: 'bower', range: '*', hasData: true }
25 silly addNameRange versions [ 'bower',
25 silly addNameRange   [ '0.1.0',
25 silly addNameRange     '0.1.2',
25 silly addNameRange     '0.1.3',
25 silly addNameRange     '0.2.0',
25 silly addNameRange     '0.3.0',
25 silly addNameRange     '0.3.1',
25 silly addNameRange     '0.3.2',
25 silly addNameRange     '0.4.0',
25 silly addNameRange     '0.5.0',
25 silly addNameRange     '0.5.1',
25 silly addNameRange     '0.6.0',
25 silly addNameRange     '0.6.1',
25 silly addNameRange     '0.6.2',
25 silly addNameRange     '0.6.3',
25 silly addNameRange     '0.6.4',
25 silly addNameRange     '0.6.5',
25 silly addNameRange     '0.6.6',
25 silly addNameRange     '0.6.7',
25 silly addNameRange     '0.6.8',
25 silly addNameRange     '0.7.0',
25 silly addNameRange     '0.7.1',
25 silly addNameRange     '0.8.0',
25 silly addNameRange     '0.8.1',
25 silly addNameRange     '0.8.2',
25 silly addNameRange     '0.8.3',
25 silly addNameRange     '0.8.4',
25 silly addNameRange     '0.8.5',
25 silly addNameRange     '0.8.6',
25 silly addNameRange     '0.9.0',
25 silly addNameRange     '0.9.1',
25 silly addNameRange     '0.9.2',
25 silly addNameRange     '0.10.0',
25 silly addNameRange     '1.0.0',
25 silly addNameRange     '1.0.1',
25 silly addNameRange     '1.0.2',
25 silly addNameRange     '1.0.3',
25 silly addNameRange     '1.1.0',
25 silly addNameRange     '1.1.1',
25 silly addNameRange     '1.1.2',
25 silly addNameRange     '1.2.0',
25 silly addNameRange     '1.2.1',
25 silly addNameRange     '1.2.2',
25 silly addNameRange     '1.2.3',
25 silly addNameRange     '1.2.4',
25 silly addNameRange     '1.2.5',
25 silly addNameRange     '1.2.6',
25 silly addNameRange     '1.2.7',
25 silly addNameRange     '1.2.8',
25 silly addNameRange     '1.3.0',
25 silly addNameRange     '1.3.1',
25 silly addNameRange     '1.3.2',
25 silly addNameRange     '1.3.3',
25 silly addNameRange     '1.3.4',
25 silly addNameRange     '1.3.5',
25 silly addNameRange     '1.3.6',
25 silly addNameRange     '1.3.7',
25 silly addNameRange     '1.3.8',
25 silly addNameRange     '1.3.9' ] ]
26 verbose addNamed [ 'bower', '1.3.9' ]
27 verbose addNamed [ '1.3.9', '1.3.9' ]
28 silly lockFile 4c0b32f5-bower-1-3-9 bower@1.3.9
29 verbose lock bower@1.3.9 /Users/justinejones/.npm/4c0b32f5-bower-1-3-9.lock
30 silly lockFile e985d5e5--npmjs-org-bower-bower-1-3-9-tgz https://registry.npmjs.org/bower/-/bower-1.3.9.tgz
31 verbose lock https://registry.npmjs.org/bower/-/bower-1.3.9.tgz /Users/justinejones/.npm/e985d5e5--npmjs-org-bower-bower-1-3-9-tgz.lock
32 verbose addRemoteTarball [ 'https://registry.npmjs.org/bower/-/bower-1.3.9.tgz',
32 verbose addRemoteTarball   '786d4addfc523e875089ccc1ef8d5a6d6e91a2c6' ]
33 info retry fetch attempt 1 at 18:54:01
34 verbose fetch to= /var/folders/th/v_q26h9n1056fh1yy3qgg0yh0000gn/T/npm-77525-SeEiKn-e/registry.npmjs.org/bower/-/bower-1.3.9.tgz
35 http GET https://registry.npmjs.org/bower/-/bower-1.3.9.tgz
36 http 200 https://registry.npmjs.org/bower/-/bower-1.3.9.tgz
37 silly lockFile e985d5e5--npmjs-org-bower-bower-1-3-9-tgz https://registry.npmjs.org/bower/-/bower-1.3.9.tgz
38 silly lockFile e985d5e5--npmjs-org-bower-bower-1-3-9-tgz https://registry.npmjs.org/bower/-/bower-1.3.9.tgz
39 silly lockFile 4c0b32f5-bower-1-3-9 bower@1.3.9
40 silly lockFile 4c0b32f5-bower-1-3-9 bower@1.3.9
41 silly lockFile 1240aab1-bower bower@
42 silly lockFile 1240aab1-bower bower@
43 error Error: EACCES, mkdir '/Users/justinejones/.npm/bower/1.3.9'
43 error  { [Error: EACCES, mkdir '/Users/justinejones/.npm/bower/1.3.9']
43 error   errno: 3,
43 error   code: 'EACCES',
43 error   path: '/Users/justinejones/.npm/bower/1.3.9' }
44 error Please try running this command again as root/Administrator.
45 error System Darwin 13.3.0
46 error command "node" "/usr/local/bin/npm" "install" "bower"
47 error cwd /Users/justinejones/crowdfunder
48 error node -v v0.10.29
49 error npm -v 1.4.14
50 error path /Users/justinejones/.npm/bower/1.3.9
51 error code EACCES
52 error errno 3
53 error stack Error: EACCES, mkdir '/Users/justinejones/.npm/bower/1.3.9'
54 verbose exit [ 3, true ]
